{"$message_type":"diagnostic","message":"the trait bound `DateTime<Utc>: serde::Serialize` is not satisfied","code":{"code":"E0277","explanation":"You tried to use a type which doesn't implement some trait in a place which\nexpected that trait.\n\nErroneous code example:\n\n```compile_fail,E0277\n// here we declare the Foo trait with a bar method\ntrait Foo {\n    fn bar(&self);\n}\n\n// we now declare a function which takes an object implementing the Foo trait\nfn some_func<T: Foo>(foo: T) {\n    foo.bar();\n}\n\nfn main() {\n    // we now call the method with the i32 type, which doesn't implement\n    // the Foo trait\n    some_func(5i32); // error: the trait bound `i32 : Foo` is not satisfied\n}\n```\n\nIn order to fix this error, verify that the type you're using does implement\nthe trait. Example:\n\n```\ntrait Foo {\n    fn bar(&self);\n}\n\n// we implement the trait on the i32 type\nimpl Foo for i32 {\n    fn bar(&self) {}\n}\n\nfn some_func<T: Foo>(foo: T) {\n    foo.bar(); // we can now use this method since i32 implements the\n               // Foo trait\n}\n\nfn main() {\n    some_func(5i32); // ok!\n}\n```\n\nOr in a generic context, an erroneous code example would look like:\n\n```compile_fail,E0277\nfn some_func<T>(foo: T) {\n    println!(\"{:?}\", foo); // error: the trait `core::fmt::Debug` is not\n                           //        implemented for the type `T`\n}\n\nfn main() {\n    // We now call the method with the i32 type,\n    // which *does* implement the Debug trait.\n    some_func(5i32);\n}\n```\n\nNote that the error here is in the definition of the generic function. Although\nwe only call it with a parameter that does implement `Debug`, the compiler\nstill rejects the function. It must work with all possible input types. In\norder to make this example compile, we need to restrict the generic type we're\naccepting:\n\n```\nuse std::fmt;\n\n// Restrict the input type to types that implement Debug.\nfn some_func<T: fmt::Debug>(foo: T) {\n    println!(\"{:?}\", foo);\n}\n\nfn main() {\n    // Calling the method is still fine, as i32 implements Debug.\n    some_func(5i32);\n\n    // This would fail to compile now:\n    // struct WithoutDebug;\n    // some_func(WithoutDebug);\n}\n```\n\nRust only looks at the signature of the called function, as such it must\nalready specify all requirements that will be used for every type parameter.\n"},"level":"error","spans":[{"file_name":"src\\main.rs","byte_start":122,"byte_end":131,"line_start":6,"line_end":6,"column_start":10,"column_end":19,"is_primary":true,"text":[{"text":"#[derive(Serialize, Deserialize, Debug)]","highlight_start":10,"highlight_end":19}],"label":"the trait `Serialize` is not implemented for `DateTime<Utc>`","suggested_replacement":null,"suggestion_applicability":null,"expansion":{"span":{"file_name":"src\\main.rs","byte_start":122,"byte_end":131,"line_start":6,"line_end":6,"column_start":10,"column_end":19,"is_primary":false,"text":[{"text":"#[derive(Serialize, Deserialize, Debug)]","highlight_start":10,"highlight_end":19}],"label":null,"suggested_replacement":null,"suggestion_applicability":null,"expansion":null},"macro_decl_name":"#[derive(Serialize)]","def_site_span":{"file_name":"C:\\Users\\Samuel\\.cargo\\registry\\src\\index.crates.io-1949cf8c6b5b557f\\serde_derive-1.0.228\\src\\lib.rs","byte_start":3101,"byte_end":3159,"line_start":114,"line_end":114,"column_start":1,"column_end":59,"is_primary":false,"text":[{"text":"pub fn derive_serialize(input: TokenStream) -> TokenStream {","highlight_start":1,"highlight_end":59}],"label":null,"suggested_replacement":null,"suggestion_applicability":null,"expansion":null}}},{"file_name":"src\\main.rs","byte_start":203,"byte_end":212,"line_start":9,"line_end":9,"column_start":5,"column_end":14,"is_primary":false,"text":[{"text":"    timestamp: DateTime<Utc>,","highlight_start":5,"highlight_end":14}],"label":"required by a bound introduced by this call","suggested_replacement":null,"suggestion_applicability":null,"expansion":null}],"children":[{"message":"for local types consider adding `#[derive(serde::Serialize)]` to your `DateTime<Utc>` type","code":null,"level":"note","spans":[],"children":[],"rendered":null},{"message":"for types from other crates check whether the crate offers a `serde` feature flag","code":null,"level":"note","spans":[],"children":[],"rendered":null},{"message":"the following other types implement trait `Serialize`:\n  &'a T\n  &'a mut T\n  ()\n  (T,)\n  (T0, T1)\n  (T0, T1, T2)\n  (T0, T1, T2, T3)\n  (T0, T1, T2, T3, T4)\nand 130 others","code":null,"level":"help","spans":[],"children":[],"rendered":null},{"message":"required by a bound in `_::_serde::ser::SerializeStruct::serialize_field`","code":null,"level":"note","spans":[{"file_name":"C:\\Users\\Samuel\\.cargo\\registry\\src\\index.crates.io-1949cf8c6b5b557f\\serde_core-1.0.228\\src\\ser\\mod.rs","byte_start":62575,"byte_end":62590,"line_start":1915,"line_end":1915,"column_start":8,"column_end":23,"is_primary":false,"text":[{"text":"    fn serialize_field<T>(&mut self, key: &'static str, value: &T) -> Result<(), Self::Error>","highlight_start":8,"highlight_end":23}],"label":"required by a bound in this associated function","suggested_replacement":null,"suggestion_applicability":null,"expansion":null},{"file_name":"C:\\Users\\Samuel\\.cargo\\registry\\src\\index.crates.io-1949cf8c6b5b557f\\serde_core-1.0.228\\src\\ser\\mod.rs","byte_start":62692,"byte_end":62701,"line_start":1917,"line_end":1917,"column_start":21,"column_end":30,"is_primary":true,"text":[{"text":"        T: ?Sized + Serialize;","highlight_start":21,"highlight_end":30}],"label":"required by this bound in `SerializeStruct::serialize_field`","suggested_replacement":null,"suggestion_applicability":null,"expansion":null}],"children":[],"rendered":null}],"rendered":"\u001b[1m\u001b[91merror[E0277]\u001b[0m\u001b[1m\u001b[97m: the trait bound `DateTime<Utc>: serde::Serialize` is not satisfied\u001b[0m\n    \u001b[1m\u001b[96m--> \u001b[0msrc\\main.rs:6:10\n     \u001b[1m\u001b[96m|\u001b[0m\n   \u001b[1m\u001b[96m6\u001b[0m \u001b[1m\u001b[96m|\u001b[0m #[derive(Serialize, Deserialize, Debug)]\n     \u001b[1m\u001b[96m|\u001b[0m          \u001b[1m\u001b[91m^^^^^^^^^\u001b[0m \u001b[1m\u001b[91mthe trait `Serialize` is not implemented for `DateTime<Utc>`\u001b[0m\n\u001b[1m\u001b[96m...\u001b[0m\n   \u001b[1m\u001b[96m9\u001b[0m \u001b[1m\u001b[96m|\u001b[0m     timestamp: DateTime<Utc>,\n     \u001b[1m\u001b[96m|\u001b[0m     \u001b[1m\u001b[96m---------\u001b[0m \u001b[1m\u001b[96mrequired by a bound introduced by this call\u001b[0m\n     \u001b[1m\u001b[96m|\u001b[0m\n     \u001b[1m\u001b[96m= \u001b[0m\u001b[1m\u001b[97mnote\u001b[0m: for local types consider adding `#[derive(serde::Serialize)]` to your `DateTime<Utc>` type\n     \u001b[1m\u001b[96m= \u001b[0m\u001b[1m\u001b[97mnote\u001b[0m: for types from other crates check whether the crate offers a `serde` feature flag\n     \u001b[1m\u001b[96m= \u001b[0m\u001b[1m\u001b[97mhelp\u001b[0m: the following other types implement trait `Serialize`:\n               &'a T\n               &'a mut T\n               ()\n               (T,)\n               (T0, T1)\n               (T0, T1, T2)\n               (T0, T1, T2, T3)\n               (T0, T1, T2, T3, T4)\n             and 130 others\n\u001b[1m\u001b[92mnote\u001b[0m: required by a bound in `_::_serde::ser::SerializeStruct::serialize_field`\n    \u001b[1m\u001b[96m--> \u001b[0mC:\\Users\\Samuel\\.cargo\\registry\\src\\index.crates.io-1949cf8c6b5b557f\\serde_core-1.0.228\\src\\ser\\mod.rs:1917:21\n     \u001b[1m\u001b[96m|\u001b[0m\n\u001b[1m\u001b[96m1915\u001b[0m \u001b[1m\u001b[96m|\u001b[0m     fn serialize_field<T>(&mut self, key: &'static str, value: &T) -> Result<(), Self::Error>\n     \u001b[1m\u001b[96m|\u001b[0m        \u001b[1m\u001b[96m---------------\u001b[0m \u001b[1m\u001b[96mrequired by a bound in this associated function\u001b[0m\n\u001b[1m\u001b[96m1916\u001b[0m \u001b[1m\u001b[96m|\u001b[0m     where\n\u001b[1m\u001b[96m1917\u001b[0m \u001b[1m\u001b[96m|\u001b[0m         T: ?Sized + Serialize;\n     \u001b[1m\u001b[96m|\u001b[0m                     \u001b[1m\u001b[92m^^^^^^^^^\u001b[0m \u001b[1m\u001b[92mrequired by this bound in `SerializeStruct::serialize_field`\u001b[0m\n     \u001b[1m\u001b[96m= \u001b[0m\u001b[1m\u001b[97mnote\u001b[0m: this error originates in the derive macro `Serialize` (in Nightly builds, run with -Z macro-backtrace for more info)\n\n"}
{"$message_type":"diagnostic","message":"the trait bound `DateTime<Utc>: serde::Deserialize<'de>` is not satisfied","code":{"code":"E0277","explanation":"You tried to use a type which doesn't implement some trait in a place which\nexpected that trait.\n\nErroneous code example:\n\n```compile_fail,E0277\n// here we declare the Foo trait with a bar method\ntrait Foo {\n    fn bar(&self);\n}\n\n// we now declare a function which takes an object implementing the Foo trait\nfn some_func<T: Foo>(foo: T) {\n    foo.bar();\n}\n\nfn main() {\n    // we now call the method with the i32 type, which doesn't implement\n    // the Foo trait\n    some_func(5i32); // error: the trait bound `i32 : Foo` is not satisfied\n}\n```\n\nIn order to fix this error, verify that the type you're using does implement\nthe trait. Example:\n\n```\ntrait Foo {\n    fn bar(&self);\n}\n\n// we implement the trait on the i32 type\nimpl Foo for i32 {\n    fn bar(&self) {}\n}\n\nfn some_func<T: Foo>(foo: T) {\n    foo.bar(); // we can now use this method since i32 implements the\n               // Foo trait\n}\n\nfn main() {\n    some_func(5i32); // ok!\n}\n```\n\nOr in a generic context, an erroneous code example would look like:\n\n```compile_fail,E0277\nfn some_func<T>(foo: T) {\n    println!(\"{:?}\", foo); // error: the trait `core::fmt::Debug` is not\n                           //        implemented for the type `T`\n}\n\nfn main() {\n    // We now call the method with the i32 type,\n    // which *does* implement the Debug trait.\n    some_func(5i32);\n}\n```\n\nNote that the error here is in the definition of the generic function. Although\nwe only call it with a parameter that does implement `Debug`, the compiler\nstill rejects the function. It must work with all possible input types. In\norder to make this example compile, we need to restrict the generic type we're\naccepting:\n\n```\nuse std::fmt;\n\n// Restrict the input type to types that implement Debug.\nfn some_func<T: fmt::Debug>(foo: T) {\n    println!(\"{:?}\", foo);\n}\n\nfn main() {\n    // Calling the method is still fine, as i32 implements Debug.\n    some_func(5i32);\n\n    // This would fail to compile now:\n    // struct WithoutDebug;\n    // some_func(WithoutDebug);\n}\n```\n\nRust only looks at the signature of the called function, as such it must\nalready specify all requirements that will be used for every type parameter.\n"},"level":"error","spans":[{"file_name":"src\\main.rs","byte_start":214,"byte_end":227,"line_start":9,"line_end":9,"column_start":16,"column_end":29,"is_primary":true,"text":[{"text":"    timestamp: DateTime<Utc>,","highlight_start":16,"highlight_end":29}],"label":"the trait `Deserialize<'_>` is not implemented for `DateTime<Utc>`","suggested_replacement":null,"suggestion_applicability":null,"expansion":null}],"children":[{"message":"for local types consider adding `#[derive(serde::Deserialize)]` to your `DateTime<Utc>` type","code":null,"level":"note","spans":[],"children":[],"rendered":null},{"message":"for types from other crates check whether the crate offers a `serde` feature flag","code":null,"level":"note","spans":[],"children":[],"rendered":null},{"message":"the following other types implement trait `Deserialize<'de>`:\n  &'a Path\n  &'a [u8]\n  &'a str\n  ()\n  (T,)\n  (T0, T1)\n  (T0, T1, T2)\n  (T0, T1, T2, T3)\nand 143 others","code":null,"level":"help","spans":[],"children":[],"rendered":null},{"message":"required by a bound in `next_element`","code":null,"level":"note","spans":[{"file_name":"C:\\Users\\Samuel\\.cargo\\registry\\src\\index.crates.io-1949cf8c6b5b557f\\serde_core-1.0.228\\src\\de\\mod.rs","byte_start":63908,"byte_end":63920,"line_start":1769,"line_end":1769,"column_start":8,"column_end":20,"is_primary":false,"text":[{"text":"    fn next_element<T>(&mut self) -> Result<Option<T>, Self::Error>","highlight_start":8,"highlight_end":20}],"label":"required by a bound in this associated function","suggested_replacement":null,"suggestion_applicability":null,"expansion":null},{"file_name":"C:\\Users\\Samuel\\.cargo\\registry\\src\\index.crates.io-1949cf8c6b5b557f\\serde_core-1.0.228\\src\\de\\mod.rs","byte_start":63990,"byte_end":64006,"line_start":1771,"line_end":1771,"column_start":12,"column_end":28,"is_primary":true,"text":[{"text":"        T: Deserialize<'de>,","highlight_start":12,"highlight_end":28}],"label":"required by this bound in `SeqAccess::next_element`","suggested_replacement":null,"suggestion_applicability":null,"expansion":null}],"children":[],"rendered":null}],"rendered":"\u001b[1m\u001b[91merror[E0277]\u001b[0m\u001b[1m\u001b[97m: the trait bound `DateTime<Utc>: serde::Deserialize<'de>` is not satisfied\u001b[0m\n    \u001b[1m\u001b[96m--> \u001b[0msrc\\main.rs:9:16\n     \u001b[1m\u001b[96m|\u001b[0m\n   \u001b[1m\u001b[96m9\u001b[0m \u001b[1m\u001b[96m|\u001b[0m     timestamp: DateTime<Utc>,\n     \u001b[1m\u001b[96m|\u001b[0m                \u001b[1m\u001b[91m^^^^^^^^^^^^^\u001b[0m \u001b[1m\u001b[91mthe trait `Deserialize<'_>` is not implemented for `DateTime<Utc>`\u001b[0m\n     \u001b[1m\u001b[96m|\u001b[0m\n     \u001b[1m\u001b[96m= \u001b[0m\u001b[1m\u001b[97mnote\u001b[0m: for local types consider adding `#[derive(serde::Deserialize)]` to your `DateTime<Utc>` type\n     \u001b[1m\u001b[96m= \u001b[0m\u001b[1m\u001b[97mnote\u001b[0m: for types from other crates check whether the crate offers a `serde` feature flag\n     \u001b[1m\u001b[96m= \u001b[0m\u001b[1m\u001b[97mhelp\u001b[0m: the following other types implement trait `Deserialize<'de>`:\n               &'a Path\n               &'a [u8]\n               &'a str\n               ()\n               (T,)\n               (T0, T1)\n               (T0, T1, T2)\n               (T0, T1, T2, T3)\n             and 143 others\n\u001b[1m\u001b[92mnote\u001b[0m: required by a bound in `next_element`\n    \u001b[1m\u001b[96m--> \u001b[0mC:\\Users\\Samuel\\.cargo\\registry\\src\\index.crates.io-1949cf8c6b5b557f\\serde_core-1.0.228\\src\\de\\mod.rs:1771:12\n     \u001b[1m\u001b[96m|\u001b[0m\n\u001b[1m\u001b[96m1769\u001b[0m \u001b[1m\u001b[96m|\u001b[0m     fn next_element<T>(&mut self) -> Result<Option<T>, Self::Error>\n     \u001b[1m\u001b[96m|\u001b[0m        \u001b[1m\u001b[96m------------\u001b[0m \u001b[1m\u001b[96mrequired by a bound in this associated function\u001b[0m\n\u001b[1m\u001b[96m1770\u001b[0m \u001b[1m\u001b[96m|\u001b[0m     where\n\u001b[1m\u001b[96m1771\u001b[0m \u001b[1m\u001b[96m|\u001b[0m         T: Deserialize<'de>,\n     \u001b[1m\u001b[96m|\u001b[0m            \u001b[1m\u001b[92m^^^^^^^^^^^^^^^^\u001b[0m \u001b[1m\u001b[92mrequired by this bound in `SeqAccess::next_element`\u001b[0m\n\n"}
{"$message_type":"diagnostic","message":"the trait bound `DateTime<Utc>: serde::Deserialize<'de>` is not satisfied","code":{"code":"E0277","explanation":"You tried to use a type which doesn't implement some trait in a place which\nexpected that trait.\n\nErroneous code example:\n\n```compile_fail,E0277\n// here we declare the Foo trait with a bar method\ntrait Foo {\n    fn bar(&self);\n}\n\n// we now declare a function which takes an object implementing the Foo trait\nfn some_func<T: Foo>(foo: T) {\n    foo.bar();\n}\n\nfn main() {\n    // we now call the method with the i32 type, which doesn't implement\n    // the Foo trait\n    some_func(5i32); // error: the trait bound `i32 : Foo` is not satisfied\n}\n```\n\nIn order to fix this error, verify that the type you're using does implement\nthe trait. Example:\n\n```\ntrait Foo {\n    fn bar(&self);\n}\n\n// we implement the trait on the i32 type\nimpl Foo for i32 {\n    fn bar(&self) {}\n}\n\nfn some_func<T: Foo>(foo: T) {\n    foo.bar(); // we can now use this method since i32 implements the\n               // Foo trait\n}\n\nfn main() {\n    some_func(5i32); // ok!\n}\n```\n\nOr in a generic context, an erroneous code example would look like:\n\n```compile_fail,E0277\nfn some_func<T>(foo: T) {\n    println!(\"{:?}\", foo); // error: the trait `core::fmt::Debug` is not\n                           //        implemented for the type `T`\n}\n\nfn main() {\n    // We now call the method with the i32 type,\n    // which *does* implement the Debug trait.\n    some_func(5i32);\n}\n```\n\nNote that the error here is in the definition of the generic function. Although\nwe only call it with a parameter that does implement `Debug`, the compiler\nstill rejects the function. It must work with all possible input types. In\norder to make this example compile, we need to restrict the generic type we're\naccepting:\n\n```\nuse std::fmt;\n\n// Restrict the input type to types that implement Debug.\nfn some_func<T: fmt::Debug>(foo: T) {\n    println!(\"{:?}\", foo);\n}\n\nfn main() {\n    // Calling the method is still fine, as i32 implements Debug.\n    some_func(5i32);\n\n    // This would fail to compile now:\n    // struct WithoutDebug;\n    // some_func(WithoutDebug);\n}\n```\n\nRust only looks at the signature of the called function, as such it must\nalready specify all requirements that will be used for every type parameter.\n"},"level":"error","spans":[{"file_name":"src\\main.rs","byte_start":214,"byte_end":227,"line_start":9,"line_end":9,"column_start":16,"column_end":29,"is_primary":true,"text":[{"text":"    timestamp: DateTime<Utc>,","highlight_start":16,"highlight_end":29}],"label":"the trait `Deserialize<'_>` is not implemented for `DateTime<Utc>`","suggested_replacement":null,"suggestion_applicability":null,"expansion":null}],"children":[{"message":"for local types consider adding `#[derive(serde::Deserialize)]` to your `DateTime<Utc>` type","code":null,"level":"note","spans":[],"children":[],"rendered":null},{"message":"for types from other crates check whether the crate offers a `serde` feature flag","code":null,"level":"note","spans":[],"children":[],"rendered":null},{"message":"the following other types implement trait `Deserialize<'de>`:\n  &'a Path\n  &'a [u8]\n  &'a str\n  ()\n  (T,)\n  (T0, T1)\n  (T0, T1, T2)\n  (T0, T1, T2, T3)\nand 143 others","code":null,"level":"help","spans":[],"children":[],"rendered":null},{"message":"required by a bound in `next_value`","code":null,"level":"note","spans":[{"file_name":"C:\\Users\\Samuel\\.cargo\\registry\\src\\index.crates.io-1949cf8c6b5b557f\\serde_core-1.0.228\\src\\de\\mod.rs","byte_start":68496,"byte_end":68506,"line_start":1914,"line_end":1914,"column_start":8,"column_end":18,"is_primary":false,"text":[{"text":"    fn next_value<V>(&mut self) -> Result<V, Self::Error>","highlight_start":8,"highlight_end":18}],"label":"required by a bound in this associated function","suggested_replacement":null,"suggestion_applicability":null,"expansion":null},{"file_name":"C:\\Users\\Samuel\\.cargo\\registry\\src\\index.crates.io-1949cf8c6b5b557f\\serde_core-1.0.228\\src\\de\\mod.rs","byte_start":68568,"byte_end":68584,"line_start":1916,"line_end":1916,"column_start":12,"column_end":28,"is_primary":true,"text":[{"text":"        V: Deserialize<'de>,","highlight_start":12,"highlight_end":28}],"label":"required by this bound in `MapAccess::next_value`","suggested_replacement":null,"suggestion_applicability":null,"expansion":null}],"children":[],"rendered":null}],"rendered":"\u001b[1m\u001b[91merror[E0277]\u001b[0m\u001b[1m\u001b[97m: the trait bound `DateTime<Utc>: serde::Deserialize<'de>` is not satisfied\u001b[0m\n    \u001b[1m\u001b[96m--> \u001b[0msrc\\main.rs:9:16\n     \u001b[1m\u001b[96m|\u001b[0m\n   \u001b[1m\u001b[96m9\u001b[0m \u001b[1m\u001b[96m|\u001b[0m     timestamp: DateTime<Utc>,\n     \u001b[1m\u001b[96m|\u001b[0m                \u001b[1m\u001b[91m^^^^^^^^^^^^^\u001b[0m \u001b[1m\u001b[91mthe trait `Deserialize<'_>` is not implemented for `DateTime<Utc>`\u001b[0m\n     \u001b[1m\u001b[96m|\u001b[0m\n     \u001b[1m\u001b[96m= \u001b[0m\u001b[1m\u001b[97mnote\u001b[0m: for local types consider adding `#[derive(serde::Deserialize)]` to your `DateTime<Utc>` type\n     \u001b[1m\u001b[96m= \u001b[0m\u001b[1m\u001b[97mnote\u001b[0m: for types from other crates check whether the crate offers a `serde` feature flag\n     \u001b[1m\u001b[96m= \u001b[0m\u001b[1m\u001b[97mhelp\u001b[0m: the following other types implement trait `Deserialize<'de>`:\n               &'a Path\n               &'a [u8]\n               &'a str\n               ()\n               (T,)\n               (T0, T1)\n               (T0, T1, T2)\n               (T0, T1, T2, T3)\n             and 143 others\n\u001b[1m\u001b[92mnote\u001b[0m: required by a bound in `next_value`\n    \u001b[1m\u001b[96m--> \u001b[0mC:\\Users\\Samuel\\.cargo\\registry\\src\\index.crates.io-1949cf8c6b5b557f\\serde_core-1.0.228\\src\\de\\mod.rs:1916:12\n     \u001b[1m\u001b[96m|\u001b[0m\n\u001b[1m\u001b[96m1914\u001b[0m \u001b[1m\u001b[96m|\u001b[0m     fn next_value<V>(&mut self) -> Result<V, Self::Error>\n     \u001b[1m\u001b[96m|\u001b[0m        \u001b[1m\u001b[96m----------\u001b[0m \u001b[1m\u001b[96mrequired by a bound in this associated function\u001b[0m\n\u001b[1m\u001b[96m1915\u001b[0m \u001b[1m\u001b[96m|\u001b[0m     where\n\u001b[1m\u001b[96m1916\u001b[0m \u001b[1m\u001b[96m|\u001b[0m         V: Deserialize<'de>,\n     \u001b[1m\u001b[96m|\u001b[0m            \u001b[1m\u001b[92m^^^^^^^^^^^^^^^^\u001b[0m \u001b[1m\u001b[92mrequired by this bound in `MapAccess::next_value`\u001b[0m\n\n"}
{"$message_type":"diagnostic","message":"the trait bound `DateTime<Utc>: serde::Deserialize<'de>` is not satisfied","code":{"code":"E0277","explanation":"You tried to use a type which doesn't implement some trait in a place which\nexpected that trait.\n\nErroneous code example:\n\n```compile_fail,E0277\n// here we declare the Foo trait with a bar method\ntrait Foo {\n    fn bar(&self);\n}\n\n// we now declare a function which takes an object implementing the Foo trait\nfn some_func<T: Foo>(foo: T) {\n    foo.bar();\n}\n\nfn main() {\n    // we now call the method with the i32 type, which doesn't implement\n    // the Foo trait\n    some_func(5i32); // error: the trait bound `i32 : Foo` is not satisfied\n}\n```\n\nIn order to fix this error, verify that the type you're using does implement\nthe trait. Example:\n\n```\ntrait Foo {\n    fn bar(&self);\n}\n\n// we implement the trait on the i32 type\nimpl Foo for i32 {\n    fn bar(&self) {}\n}\n\nfn some_func<T: Foo>(foo: T) {\n    foo.bar(); // we can now use this method since i32 implements the\n               // Foo trait\n}\n\nfn main() {\n    some_func(5i32); // ok!\n}\n```\n\nOr in a generic context, an erroneous code example would look like:\n\n```compile_fail,E0277\nfn some_func<T>(foo: T) {\n    println!(\"{:?}\", foo); // error: the trait `core::fmt::Debug` is not\n                           //        implemented for the type `T`\n}\n\nfn main() {\n    // We now call the method with the i32 type,\n    // which *does* implement the Debug trait.\n    some_func(5i32);\n}\n```\n\nNote that the error here is in the definition of the generic function. Although\nwe only call it with a parameter that does implement `Debug`, the compiler\nstill rejects the function. It must work with all possible input types. In\norder to make this example compile, we need to restrict the generic type we're\naccepting:\n\n```\nuse std::fmt;\n\n// Restrict the input type to types that implement Debug.\nfn some_func<T: fmt::Debug>(foo: T) {\n    println!(\"{:?}\", foo);\n}\n\nfn main() {\n    // Calling the method is still fine, as i32 implements Debug.\n    some_func(5i32);\n\n    // This would fail to compile now:\n    // struct WithoutDebug;\n    // some_func(WithoutDebug);\n}\n```\n\nRust only looks at the signature of the called function, as such it must\nalready specify all requirements that will be used for every type parameter.\n"},"level":"error","spans":[{"file_name":"src\\main.rs","byte_start":133,"byte_end":144,"line_start":6,"line_end":6,"column_start":21,"column_end":32,"is_primary":true,"text":[{"text":"#[derive(Serialize, Deserialize, Debug)]","highlight_start":21,"highlight_end":32}],"label":"the trait `Deserialize<'_>` is not implemented for `DateTime<Utc>`","suggested_replacement":null,"suggestion_applicability":null,"expansion":{"span":{"file_name":"src\\main.rs","byte_start":133,"byte_end":144,"line_start":6,"line_end":6,"column_start":21,"column_end":32,"is_primary":false,"text":[{"text":"#[derive(Serialize, Deserialize, Debug)]","highlight_start":21,"highlight_end":32}],"label":null,"suggested_replacement":null,"suggestion_applicability":null,"expansion":null},"macro_decl_name":"#[derive(Deserialize)]","def_site_span":{"file_name":"C:\\Users\\Samuel\\.cargo\\registry\\src\\index.crates.io-1949cf8c6b5b557f\\serde_derive-1.0.228\\src\\lib.rs","byte_start":3397,"byte_end":3457,"line_start":122,"line_end":122,"column_start":1,"column_end":61,"is_primary":false,"text":[{"text":"pub fn derive_deserialize(input: TokenStream) -> TokenStream {","highlight_start":1,"highlight_end":61}],"label":null,"suggested_replacement":null,"suggestion_applicability":null,"expansion":null}}}],"children":[{"message":"for local types consider adding `#[derive(serde::Deserialize)]` to your `DateTime<Utc>` type","code":null,"level":"note","spans":[],"children":[],"rendered":null},{"message":"for types from other crates check whether the crate offers a `serde` feature flag","code":null,"level":"note","spans":[],"children":[],"rendered":null},{"message":"the following other types implement trait `Deserialize<'de>`:\n  &'a Path\n  &'a [u8]\n  &'a str\n  ()\n  (T,)\n  (T0, T1)\n  (T0, T1, T2)\n  (T0, T1, T2, T3)\nand 143 others","code":null,"level":"help","spans":[],"children":[],"rendered":null},{"message":"required by a bound in `_::_serde::__private228::de::missing_field`","code":null,"level":"note","spans":[{"file_name":"C:\\Users\\Samuel\\.cargo\\registry\\src\\index.crates.io-1949cf8c6b5b557f\\serde-1.0.228\\src\\private\\de.rs","byte_start":837,"byte_end":850,"line_start":24,"line_end":24,"column_start":8,"column_end":21,"is_primary":false,"text":[{"text":"pub fn missing_field<'de, V, E>(field: &'static str) -> Result<V, E>","highlight_start":8,"highlight_end":21}],"label":"required by a bound in this function","suggested_replacement":null,"suggestion_applicability":null,"expansion":null},{"file_name":"C:\\Users\\Samuel\\.cargo\\registry\\src\\index.crates.io-1949cf8c6b5b557f\\serde-1.0.228\\src\\private\\de.rs","byte_start":912,"byte_end":928,"line_start":26,"line_end":26,"column_start":8,"column_end":24,"is_primary":true,"text":[{"text":"    V: Deserialize<'de>,","highlight_start":8,"highlight_end":24}],"label":"required by this bound in `missing_field`","suggested_replacement":null,"suggestion_applicability":null,"expansion":null}],"children":[],"rendered":null}],"rendered":"\u001b[1m\u001b[91merror[E0277]\u001b[0m\u001b[1m\u001b[97m: the trait bound `DateTime<Utc>: serde::Deserialize<'de>` is not satisfied\u001b[0m\n  \u001b[1m\u001b[96m--> \u001b[0msrc\\main.rs:6:21\n   \u001b[1m\u001b[96m|\u001b[0m\n \u001b[1m\u001b[96m6\u001b[0m \u001b[1m\u001b[96m|\u001b[0m #[derive(Serialize, Deserialize, Debug)]\n   \u001b[1m\u001b[96m|\u001b[0m                     \u001b[1m\u001b[91m^^^^^^^^^^^\u001b[0m \u001b[1m\u001b[91mthe trait `Deserialize<'_>` is not implemented for `DateTime<Utc>`\u001b[0m\n   \u001b[1m\u001b[96m|\u001b[0m\n   \u001b[1m\u001b[96m= \u001b[0m\u001b[1m\u001b[97mnote\u001b[0m: for local types consider adding `#[derive(serde::Deserialize)]` to your `DateTime<Utc>` type\n   \u001b[1m\u001b[96m= \u001b[0m\u001b[1m\u001b[97mnote\u001b[0m: for types from other crates check whether the crate offers a `serde` feature flag\n   \u001b[1m\u001b[96m= \u001b[0m\u001b[1m\u001b[97mhelp\u001b[0m: the following other types implement trait `Deserialize<'de>`:\n             &'a Path\n             &'a [u8]\n             &'a str\n             ()\n             (T,)\n             (T0, T1)\n             (T0, T1, T2)\n             (T0, T1, T2, T3)\n           and 143 others\n\u001b[1m\u001b[92mnote\u001b[0m: required by a bound in `_::_serde::__private228::de::missing_field`\n  \u001b[1m\u001b[96m--> \u001b[0mC:\\Users\\Samuel\\.cargo\\registry\\src\\index.crates.io-1949cf8c6b5b557f\\serde-1.0.228\\src\\private\\de.rs:26:8\n   \u001b[1m\u001b[96m|\u001b[0m\n\u001b[1m\u001b[96m24\u001b[0m \u001b[1m\u001b[96m|\u001b[0m pub fn missing_field<'de, V, E>(field: &'static str) -> Result<V, E>\n   \u001b[1m\u001b[96m|\u001b[0m        \u001b[1m\u001b[96m-------------\u001b[0m \u001b[1m\u001b[96mrequired by a bound in this function\u001b[0m\n\u001b[1m\u001b[96m25\u001b[0m \u001b[1m\u001b[96m|\u001b[0m where\n\u001b[1m\u001b[96m26\u001b[0m \u001b[1m\u001b[96m|\u001b[0m     V: Deserialize<'de>,\n   \u001b[1m\u001b[96m|\u001b[0m        \u001b[1m\u001b[92m^^^^^^^^^^^^^^^^\u001b[0m \u001b[1m\u001b[92mrequired by this bound in `missing_field`\u001b[0m\n   \u001b[1m\u001b[96m= \u001b[0m\u001b[1m\u001b[97mnote\u001b[0m: this error originates in the derive macro `Deserialize` (in Nightly builds, run with -Z macro-backtrace for more info)\n\n"}
{"$message_type":"diagnostic","message":"aborting due to 4 previous errors","code":null,"level":"error","spans":[],"children":[],"rendered":"\u001b[1m\u001b[91merror\u001b[0m\u001b[1m\u001b[97m: aborting due to 4 previous errors\u001b[0m\n\n"}
{"$message_type":"diagnostic","message":"For more information about this error, try `rustc --explain E0277`.","code":null,"level":"failure-note","spans":[],"children":[],"rendered":"\u001b[1m\u001b[97mFor more information about this error, try `rustc --explain E0277`.\u001b[0m\n"}
